<?xml version="1.0" encoding="UTF-8"?>
<!-- Generated by org.testng.reporters.JUnitReportReporter -->
<testsuite hostname="LAPTOP-9JG17I3M" failures="0" tests="1" name="day01.AssertDemo" time="10.841" errors="0" timestamp="2022-05-03T14:11:19 IST" skipped="0">
  <testcase classname="day01.AssertDemo" name="verifyTitle" time="10.841"/>
  <system-out/>
</testsuite> <!-- day01.AssertDemo -->
