<?xml version="1.0" encoding="UTF-8"?>
<!-- Generated by org.testng.reporters.JUnitReportReporter -->
<testsuite hostname="LAPTOP-9JG17I3M" failures="0" tests="2" name="day01.Annotations" time="0.009" errors="0" timestamp="2022-05-03T09:49:34 IST" skipped="0">
  <testcase classname="day01.Annotations" name="test1" time="0.007"/>
  <system-out/>
  <testcase classname="day01.Annotations" name="test2" time="0.002"/>
  <system-out/>
</testsuite> <!-- day01.Annotations -->
