<?xml version="1.0" encoding="UTF-8"?>
<!-- Generated by org.testng.reporters.JUnitReportReporter -->
<testsuite hostname="LAPTOP-9JG17I3M" failures="0" tests="2" name="day01.Session1" time="0.005" errors="0" timestamp="2022-05-01T21:58:21 IST" skipped="0">
  <testcase classname="day01.Session1" name="test1" time="0.003"/>
  <system-out/>
  <testcase classname="day01.Session1" name="test2" time="0.002"/>
  <system-out/>
</testsuite> <!-- day01.Session1 -->
