<?xml version="1.0" encoding="UTF-8"?>
<!-- Generated by org.testng.reporters.JUnitReportReporter -->
<testsuite hostname="LAPTOP-9JG17I3M" failures="0" tests="7" name="day01.PriorityDemo" time="0.017" errors="0" timestamp="2022-05-03T15:09:20 IST" skipped="1">
  <testcase classname="day01.PriorityDemo" name="c_method" time="0.010"/>
  <system-out/>
  <testcase classname="day01.PriorityDemo" name="d_method" time="0.003"/>
  <system-out/>
  <testcase classname="day01.PriorityDemo" name="v_method" time="0.001"/>
  <system-out/>
  <testcase classname="day01.PriorityDemo" name="a_method" time="0.001"/>
  <system-out/>
  <testcase classname="day01.PriorityDemo" name="b_method" time="0.001"/>
  <system-out/>
  <testcase classname="day01.PriorityDemo" name="y_method" time="0.001"/>
  <system-out/>
  <testcase classname="day01.PriorityDemo" name="x_method">
    <skipped/>
  </testcase> <!-- x_method -->
  <system-out/>
</testsuite> <!-- day01.PriorityDemo -->
